<?xml version="1.0" encoding="UTF-8"?>
<!-- Generated by org.testng.reporters.JUnitXMLReporter -->
<testsuite hostname="DESKTOP-GK61F68" ignored="2" name="Test" tests="0" failures="0" timestamp="2021-11-13T14:27:23 IST" time="0.048" errors="0">
  <testcase name="@AfterSuite configAS" time="0.0" classname="com.restapi.base.APIBaseClass">
    <ignored/>
  </testcase> <!-- @AfterSuite configAS -->
  <testcase name="@BeforeSuite configBS" time="0.0" classname="com.restapi.base.APIBaseClass">
    <ignored/>
  </testcase> <!-- @BeforeSuite configBS -->
</testsuite> <!-- Test -->
