<?xml version="1.0" encoding="UTF-8"?>
<testng-results skipped="0" failed="0" ignored="0" total="1" passed="1">
  <reporter-output>
  </reporter-output>
  <suite name="Default suite" duration-ms="4142" started-at="2021-11-16T20:56:14 IST" finished-at="2021-11-16T20:56:18 IST">
    <groups>
    </groups>
    <test name="Default test" duration-ms="4142" started-at="2021-11-16T20:56:14 IST" finished-at="2021-11-16T20:56:18 IST">
      <class name="com.restassuredframework.requests.GetAllProject">
        <test-method status="PASS" signature="configBS()[pri:0, instance:com.restassuredframework.requests.GetAllProject@23faf8f2]" name="configBS" is-config="true" duration-ms="14" started-at="2021-11-16T20:56:14 IST" finished-at="2021-11-16T20:56:14 IST">
          <reporter-output>
          </reporter-output>
        </test-method> <!-- configBS -->
        <test-method status="PASS" signature="getAllProjectTest()[pri:0, instance:com.restassuredframework.requests.GetAllProject@23faf8f2]" name="getAllProjectTest" duration-ms="4086" started-at="2021-11-16T20:56:14 IST" finished-at="2021-11-16T20:56:18 IST">
          <reporter-output>
          </reporter-output>
        </test-method> <!-- getAllProjectTest -->
        <test-method status="PASS" signature="configAS()[pri:0, instance:com.restassuredframework.requests.GetAllProject@23faf8f2]" name="configAS" is-config="true" duration-ms="1" started-at="2021-11-16T20:56:18 IST" finished-at="2021-11-16T20:56:18 IST">
          <reporter-output>
          </reporter-output>
        </test-method> <!-- configAS -->
      </class> <!-- com.restassuredframework.requests.GetAllProject -->
    </test> <!-- Default test -->
  </suite> <!-- Default suite -->
</testng-results>
